{"C:\\Users\\ManojSaravanan\\Downloads\\radiant-bride-kit-main\\radiant-bride-kit-main\\src\\components\\SectionHeading.tsx": {"path":"C:\\Users\\ManojSaravanan\\Downloads\\radiant-bride-kit-main\\radiant-bride-kit-main\\src\\components\\SectionHeading.tsx","statementMap":{"0":{"start":{"line":22,"column":21},"end":{"line":22,"column":null}},"1":{"start":{"line":23,"column":18},"end":{"line":23,"column":null}},"2":{"start":{"line":24,"column":2},"end":{"line":43,"column":null}}},"fnMap":{"0":{"name":"SectionHeading","decl":{"start":{"line":14,"column":16},"end":{"line":14,"column":31}},"loc":{"start":{"line":21,"column":24},"end":{"line":45,"column":null}},"line":21}},"branchMap":{"0":{"loc":{"start":{"line":18,"column":2},"end":{"line":18,"column":null}},"type":"default-arg","locations":[{"start":{"line":18,"column":10},"end":{"line":18,"column":null}}],"line":18},"1":{"loc":{"start":{"line":20,"column":2},"end":{"line":20,"column":null}},"type":"default-arg","locations":[{"start":{"line":20,"column":7},"end":{"line":20,"column":null}}],"line":20},"2":{"loc":{"start":{"line":22,"column":21},"end":{"line":22,"column":null}},"type":"cond-expr","locations":[{"start":{"line":22,"column":42},"end":{"line":22,"column":66}},{"start":{"line":22,"column":66},"end":{"line":22,"column":null}}],"line":22},"3":{"loc":{"start":{"line":26,"column":7},"end":{"line":29,"column":null}},"type":"binary-expr","locations":[{"start":{"line":26,"column":7},"end":{"line":26,"column":null}},{"start":{"line":27,"column":8},"end":{"line":29,"column":null}}],"line":26},"4":{"loc":{"start":{"line":37,"column":7},"end":{"line":40,"column":null}},"type":"binary-expr","locations":[{"start":{"line":37,"column":7},"end":{"line":37,"column":null}},{"start":{"line":38,"column":8},"end":{"line":40,"column":null}}],"line":37}},"s":{"0":5,"1":5,"2":5},"f":{"0":5},"b":{"0":[5],"1":[5],"2":[5,0],"3":[5,1],"4":[5,1]},"meta":{"lastBranch":5,"lastFunction":1,"lastStatement":3,"seen":{"f:14:16:14:31":0,"b:18:10:18:Infinity":0,"b:20:7:20:Infinity":1,"s:22:21:22:Infinity":0,"b:22:42:22:66:22:66:22:Infinity":2,"s:23:18:23:Infinity":1,"s:24:2:43:Infinity":2,"b:26:7:26:Infinity:27:8:29:Infinity":3,"b:37:7:37:Infinity:38:8:40:Infinity":4}}}
,"C:\\Users\\ManojSaravanan\\Downloads\\radiant-bride-kit-main\\radiant-bride-kit-main\\src\\components\\motion-helpers.tsx": {"path":"C:\\Users\\ManojSaravanan\\Downloads\\radiant-bride-kit-main\\radiant-bride-kit-main\\src\\components\\motion-helpers.tsx","statementMap":{"0":{"start":{"line":13,"column":8},"end":{"line":13,"column":null}},"1":{"start":{"line":14,"column":8},"end":{"line":14,"column":null}},"2":{"start":{"line":15,"column":8},"end":{"line":15,"column":null}},"3":{"start":{"line":16,"column":20},"end":{"line":16,"column":null}},"4":{"start":{"line":18,"column":2},"end":{"line":29,"column":null}},"5":{"start":{"line":19,"column":4},"end":{"line":19,"column":null}},"6":{"start":{"line":19,"column":27},"end":{"line":19,"column":null}},"7":{"start":{"line":20,"column":14},"end":{"line":20,"column":null}},"8":{"start":{"line":21,"column":18},"end":{"line":21,"column":null}},"9":{"start":{"line":22,"column":17},"end":{"line":26,"column":null}},"10":{"start":{"line":23,"column":16},"end":{"line":23,"column":null}},"11":{"start":{"line":24,"column":6},"end":{"line":24,"column":null}},"12":{"start":{"line":25,"column":6},"end":{"line":25,"column":null}},"13":{"start":{"line":25,"column":17},"end":{"line":25,"column":null}},"14":{"start":{"line":27,"column":4},"end":{"line":27,"column":null}},"15":{"start":{"line":28,"column":4},"end":{"line":28,"column":null}},"16":{"start":{"line":28,"column":17},"end":{"line":28,"column":null}},"17":{"start":{"line":31,"column":2},"end":{"line":35,"column":null}},"18":{"start":{"line":48,"column":8},"end":{"line":48,"column":null}},"19":{"start":{"line":49,"column":2},"end":{"line":49,"column":null}},"20":{"start":{"line":49,"column":14},"end":{"line":49,"column":null}},"21":{"start":{"line":51,"column":2},"end":{"line":60,"column":null}}},"fnMap":{"0":{"name":"CountUp","decl":{"start":{"line":4,"column":16},"end":{"line":4,"column":24}},"loc":{"start":{"line":12,"column":3},"end":{"line":37,"column":null}},"line":12},"1":{"name":"(anonymous_1)","decl":{"start":{"line":18,"column":12},"end":{"line":18,"column":18}},"loc":{"start":{"line":18,"column":18},"end":{"line":29,"column":5}},"line":18},"2":{"name":"(anonymous_2)","decl":{"start":{"line":22,"column":17},"end":{"line":22,"column":18}},"loc":{"start":{"line":22,"column":32},"end":{"line":26,"column":null}},"line":22},"3":{"name":"(anonymous_3)","decl":{"start":{"line":28,"column":11},"end":{"line":28,"column":17}},"loc":{"start":{"line":28,"column":17},"end":{"line":28,"column":null}},"line":28},"4":{"name":"Reveal","decl":{"start":{"line":39,"column":16},"end":{"line":39,"column":23}},"loc":{"start":{"line":47,"column":3},"end":{"line":62,"column":null}},"line":47}},"branchMap":{"0":{"loc":{"start":{"line":6,"column":2},"end":{"line":6,"column":null}},"type":"default-arg","locations":[{"start":{"line":6,"column":13},"end":{"line":6,"column":null}}],"line":6},"1":{"loc":{"start":{"line":7,"column":2},"end":{"line":7,"column":null}},"type":"default-arg","locations":[{"start":{"line":7,"column":11},"end":{"line":7,"column":null}}],"line":7},"2":{"loc":{"start":{"line":16,"column":33},"end":{"line":16,"column":49}},"type":"cond-expr","locations":[{"start":{"line":16,"column":42},"end":{"line":16,"column":48}},{"start":{"line":16,"column":48},"end":{"line":16,"column":49}}],"line":16},"3":{"loc":{"start":{"line":19,"column":4},"end":{"line":19,"column":null}},"type":"if","locations":[{"start":{"line":19,"column":4},"end":{"line":19,"column":null}},{"start":{},"end":{}}],"line":19},"4":{"loc":{"start":{"line":19,"column":8},"end":{"line":19,"column":27}},"type":"binary-expr","locations":[{"start":{"line":19,"column":8},"end":{"line":19,"column":19}},{"start":{"line":19,"column":19},"end":{"line":19,"column":27}}],"line":19},"5":{"loc":{"start":{"line":25,"column":6},"end":{"line":25,"column":null}},"type":"if","locations":[{"start":{"line":25,"column":6},"end":{"line":25,"column":null}},{"start":{},"end":{}}],"line":25},"6":{"loc":{"start":{"line":42,"column":2},"end":{"line":42,"column":null}},"type":"default-arg","locations":[{"start":{"line":42,"column":10},"end":{"line":42,"column":null}}],"line":42},"7":{"loc":{"start":{"line":49,"column":2},"end":{"line":49,"column":null}},"type":"if","locations":[{"start":{"line":49,"column":2},"end":{"line":49,"column":null}},{"start":{},"end":{}}],"line":49}},"s":{"0":1,"1":1,"2":1,"3":1,"4":1,"5":1,"6":1,"7":0,"8":0,"9":0,"10":0,"11":0,"12":0,"13":0,"14":0,"15":0,"16":0,"17":1,"18":7,"19":7,"20":0,"21":7},"f":{"0":1,"1":1,"2":0,"3":0,"4":7},"b":{"0":[1],"1":[1],"2":[0,1],"3":[1,0],"4":[1,0],"5":[0,0],"6":[7],"7":[0,7]},"meta":{"lastBranch":8,"lastFunction":5,"lastStatement":22,"seen":{"f:4:16:4:24":0,"b:6:13:6:Infinity":0,"b:7:11:7:Infinity":1,"s:13:8:13:Infinity":0,"s:14:8:14:Infinity":1,"s:15:8:15:Infinity":2,"s:16:20:16:Infinity":3,"b:16:42:16:48:16:48:16:49":2,"s:18:2:29:Infinity":4,"f:18:12:18:18":1,"b:19:4:19:Infinity:undefined:undefined:undefined:undefined":3,"s:19:4:19:Infinity":5,"b:19:8:19:19:19:19:19:27":4,"s:19:27:19:Infinity":6,"s:20:14:20:Infinity":7,"s:21:18:21:Infinity":8,"s:22:17:26:Infinity":9,"f:22:17:22:18":2,"s:23:16:23:Infinity":10,"s:24:6:24:Infinity":11,"b:25:6:25:Infinity:undefined:undefined:undefined:undefined":5,"s:25:6:25:Infinity":12,"s:25:17:25:Infinity":13,"s:27:4:27:Infinity":14,"s:28:4:28:Infinity":15,"f:28:11:28:17":3,"s:28:17:28:Infinity":16,"s:31:2:35:Infinity":17,"f:39:16:39:23":4,"b:42:10:42:Infinity":6,"s:48:8:48:Infinity":18,"b:49:2:49:Infinity:undefined:undefined:undefined:undefined":7,"s:49:2:49:Infinity":19,"s:49:14:49:Infinity":20,"s:51:2:60:Infinity":21}}}
,"C:\\Users\\ManojSaravanan\\Downloads\\radiant-bride-kit-main\\radiant-bride-kit-main\\src\\lib\\site.ts": {"path":"C:\\Users\\ManojSaravanan\\Downloads\\radiant-bride-kit-main\\radiant-bride-kit-main\\src\\lib\\site.ts","statementMap":{"0":{"start":{"line":1,"column":20},"end":{"line":11,"column":null}},"1":{"start":{"line":14,"column":19},"end":{"line":14,"column":null}},"2":{"start":{"line":16,"column":2},"end":{"line":20,"column":null}},"3":{"start":{"line":23,"column":28},"end":{"line":25,"column":null}},"4":{"start":{"line":25,"column":5},"end":{"line":25,"column":null}},"5":{"start":{"line":27,"column":23},"end":{"line":27,"column":null}},"6":{"start":{"line":27,"column":62},"end":{"line":27,"column":null}},"7":{"start":{"line":30,"column":27},"end":{"line":31,"column":null}},"8":{"start":{"line":31,"column":2},"end":{"line":31,"column":null}}},"fnMap":{"0":{"name":"sanitiseMessage","decl":{"start":{"line":15,"column":9},"end":{"line":15,"column":25}},"loc":{"start":{"line":15,"column":46},"end":{"line":21,"column":null}},"line":15},"1":{"name":"(anonymous_1)","decl":{"start":{"line":23,"column":28},"end":{"line":23,"column":null}},"loc":{"start":{"line":25,"column":5},"end":{"line":25,"column":null}},"line":25},"2":{"name":"(anonymous_2)","decl":{"start":{"line":27,"column":23},"end":{"line":27,"column":24}},"loc":{"start":{"line":27,"column":62},"end":{"line":27,"column":null}},"line":27},"3":{"name":"(anonymous_3)","decl":{"start":{"line":30,"column":27},"end":{"line":30,"column":28}},"loc":{"start":{"line":31,"column":2},"end":{"line":31,"column":null}},"line":31}},"branchMap":{"0":{"loc":{"start":{"line":24,"column":2},"end":{"line":24,"column":null}},"type":"default-arg","locations":[{"start":{"line":24,"column":12},"end":{"line":24,"column":null}}],"line":24},"1":{"loc":{"start":{"line":27,"column":24},"end":{"line":27,"column":62}},"type":"default-arg","locations":[{"start":{"line":27,"column":40},"end":{"line":27,"column":62}}],"line":27},"2":{"loc":{"start":{"line":30,"column":28},"end":{"line":30,"column":null}},"type":"default-arg","locations":[{"start":{"line":30,"column":43},"end":{"line":30,"column":null}}],"line":30},"3":{"loc":{"start":{"line":31,"column":16},"end":{"line":31,"column":56}},"type":"cond-expr","locations":[{"start":{"line":31,"column":39},"end":{"line":31,"column":46}},{"start":{"line":31,"column":46},"end":{"line":31,"column":56}}],"line":31}},"s":{"0":1,"1":1,"2":3,"3":1,"4":3,"5":1,"6":2,"7":1,"8":3},"f":{"0":3,"1":3,"2":2,"3":3},"b":{"0":[3],"1":[2],"2":[3],"3":[2,1]},"meta":{"lastBranch":4,"lastFunction":4,"lastStatement":9,"seen":{"s:1:20:11:Infinity":0,"s:14:19:14:Infinity":1,"f:15:9:15:25":0,"s:16:2:20:Infinity":2,"s:23:28:25:Infinity":3,"f:23:28:23:Infinity":1,"s:25:5:25:Infinity":4,"b:24:12:24:Infinity":0,"s:27:23:27:Infinity":5,"f:27:23:27:24":2,"s:27:62:27:Infinity":6,"b:27:40:27:62":1,"s:30:27:31:Infinity":7,"f:30:27:30:28":3,"s:31:2:31:Infinity":8,"b:30:43:30:Infinity":2,"b:31:39:31:46:31:46:31:56":3}}}
}
